2025-03-16 23:53:16,463 - F1Predictor.Main - INFO - Starting F1 Race Prediction System
2025-03-16 23:53:16,463 - F1Predictor.Main - INFO - Arguments: Namespace(year=2025, race=1, event=None, historical_races=5, include_practice=False, reload_data=False, model_type='xgboost', tune_hyperparams=False, compare_models=False, visualize=False, output_dir='results')
2025-03-16 23:53:16,463 - F1Predictor - INFO - Initialized F1DataProcessor for 2025 with historical data from [2022, 2023, 2024]
2025-03-16 23:53:16,775 - F1Predictor - INFO - Schedule columns: ['RoundNumber', 'Country', 'Location', 'OfficialEventName', 'EventDate', 'EventName', 'EventFormat', 'Session1', 'Session1Date', 'Session1DateUtc', 'Session2', 'Session2Date', 'Session2DateUtc', 'Session3', 'Session3Date', 'Session3DateUtc', 'Session4', 'Session4Date', 'Session4DateUtc', 'Session5', 'Session5Date', 'Session5DateUtc', 'F1ApiSupport']
2025-03-16 23:53:16,776 - F1Predictor.Main - INFO - Predicting race: Australian Grand Prix (Round 1)
2025-03-16 23:53:16,787 - fastf1.fastf1.core - INFO - Loading data for Australian Grand Prix - Qualifying [v3.5.3]
2025-03-16 23:53:16,787 - fastf1.fastf1.req - INFO - Using cached data for session_info
2025-03-16 23:53:16,788 - fastf1.fastf1.req - INFO - Using cached data for driver_info
2025-03-16 23:53:16,943 - fastf1.ergast - DEBUG - Failed to parse timestamp '' in Ergastresponse.
2025-03-16 23:53:16,956 - fastf1.fastf1.req - INFO - Using cached data for session_status_data
2025-03-16 23:53:16,956 - fastf1.fastf1.req - INFO - Using cached data for track_status_data
2025-03-16 23:53:16,957 - fastf1.fastf1.req - INFO - Using cached data for _extended_timing_data
2025-03-16 23:53:16,957 - fastf1.fastf1.req - INFO - Using cached data for timing_app_data
2025-03-16 23:53:16,957 - fastf1.fastf1.core - INFO - Processing timing data...
2025-03-16 23:53:17,187 - fastf1.fastf1.req - INFO - Using cached data for car_data
2025-03-16 23:53:17,226 - fastf1.fastf1.req - INFO - Using cached data for position_data
2025-03-16 23:53:17,789 - fastf1.fastf1.req - INFO - Using cached data for weather_data
2025-03-16 23:53:17,789 - fastf1.fastf1.req - INFO - Using cached data for race_control_messages
2025-03-16 23:53:17,805 - fastf1.fastf1.core - INFO - Finished loading data for 20 drivers: ['4', '81', '1', '63', '22', '23', '16', '44', '10', '55', '6', '14', '18', '7', '5', '12', '27', '30', '31', '87']
2025-03-16 23:53:17,805 - F1Predictor - INFO - Successfully loaded 2025 1 Q data
2025-03-16 23:53:17,806 - F1Predictor.Main - INFO - Loaded qualifying data for 20 drivers
2025-03-16 23:53:17,811 - F1Predictor - INFO - Schedule columns: ['RoundNumber', 'Country', 'Location', 'OfficialEventName', 'EventDate', 'EventName', 'EventFormat', 'Session1', 'Session1Date', 'Session1DateUtc', 'Session2', 'Session2Date', 'Session2DateUtc', 'Session3', 'Session3Date', 'Session3DateUtc', 'Session4', 'Session4Date', 'Session4DateUtc', 'Session5', 'Session5Date', 'Session5DateUtc', 'F1ApiSupport']
2025-03-16 23:53:17,811 - F1Predictor - INFO - Creating mock historical data for circuit: Melbourne
2025-03-16 23:53:17,812 - F1Predictor - INFO - Created mock historical data for 10 drivers
2025-03-16 23:53:17,812 - F1Predictor.Main - INFO - Collected historical data from 3 races
2025-03-16 23:53:17,817 - F1Predictor - INFO - Schedule columns: ['RoundNumber', 'Country', 'Location', 'OfficialEventName', 'EventDate', 'EventName', 'EventFormat', 'Session1', 'Session1Date', 'Session1DateUtc', 'Session2', 'Session2Date', 'Session2DateUtc', 'Session3', 'Session3Date', 'Session3DateUtc', 'Session4', 'Session4Date', 'Session4DateUtc', 'Session5', 'Session5Date', 'Session5DateUtc', 'F1ApiSupport']
2025-03-16 23:53:17,818 - F1Predictor.Main - INFO - Track: Melbourne (5.0km)
2025-03-16 23:53:17,818 - F1Predictor.Features - INFO - Starting feature engineering process
2025-03-16 23:53:17,820 - F1Predictor.Features - INFO - Engineered features for 20 drivers
2025-03-16 23:53:17,820 - F1Predictor.Main - INFO - Generated features for 20 drivers
2025-03-16 23:53:17,820 - F1Predictor.Race - INFO - Predicted DNFs for 3 drivers: ['ALB', 'GAS', 'BEA']
2025-03-16 23:53:18,658 - F1Predictor.Race - INFO - Visualization saved to results/prediction_2025_round1.png
2025-03-16 23:53:18,661 - F1Predictor.Main - INFO - Saved race results to results/race_results_2025_round1.csv
2025-03-16 23:53:18,661 - F1Predictor.Main - INFO - F1 Race Prediction completed successfully
2025-03-16 23:57:17,113 - F1Predictor.Run - INFO - Initializing data processor for 2025 Round 1
2025-03-16 23:57:17,113 - F1Predictor - INFO - Initialized F1DataProcessor for 2025 with historical data from [2022, 2023, 2024]
2025-03-16 23:57:17,127 - F1Predictor - INFO - Schedule columns: ['RoundNumber', 'Country', 'Location', 'OfficialEventName', 'EventDate', 'EventName', 'EventFormat', 'Session1', 'Session1Date', 'Session1DateUtc', 'Session2', 'Session2Date', 'Session2DateUtc', 'Session3', 'Session3Date', 'Session3DateUtc', 'Session4', 'Session4Date', 'Session4DateUtc', 'Session5', 'Session5Date', 'Session5DateUtc', 'F1ApiSupport']
2025-03-16 23:57:17,127 - F1Predictor.Run - INFO - Available events for 2025:
2025-03-16 23:57:17,127 - F1Predictor.Run - INFO -   Round 0: Pre-Season Testing
2025-03-16 23:57:17,127 - F1Predictor.Run - INFO -   Round 1: Australian Grand Prix
2025-03-16 23:57:17,127 - F1Predictor.Run - INFO -   Round 2: Chinese Grand Prix
2025-03-16 23:57:17,127 - F1Predictor.Run - INFO -   Round 3: Japanese Grand Prix
2025-03-16 23:57:17,127 - F1Predictor.Run - INFO -   Round 4: Bahrain Grand Prix
2025-03-16 23:57:17,127 - F1Predictor.Run - INFO -   Round 5: Saudi Arabian Grand Prix
2025-03-16 23:57:17,127 - F1Predictor.Run - INFO -   Round 6: Miami Grand Prix
2025-03-16 23:57:17,127 - F1Predictor.Run - INFO -   Round 7: Emilia Romagna Grand Prix
2025-03-16 23:57:17,127 - F1Predictor.Run - INFO -   Round 8: Monaco Grand Prix
2025-03-16 23:57:17,127 - F1Predictor.Run - INFO -   Round 9: Spanish Grand Prix
2025-03-16 23:57:17,127 - F1Predictor.Run - INFO -   Round 10: Canadian Grand Prix
2025-03-16 23:57:17,127 - F1Predictor.Run - INFO -   Round 11: Austrian Grand Prix
2025-03-16 23:57:17,127 - F1Predictor.Run - INFO -   Round 12: British Grand Prix
2025-03-16 23:57:17,128 - F1Predictor.Run - INFO -   Round 13: Belgian Grand Prix
2025-03-16 23:57:17,128 - F1Predictor.Run - INFO -   Round 14: Hungarian Grand Prix
2025-03-16 23:57:17,128 - F1Predictor.Run - INFO -   Round 15: Dutch Grand Prix
2025-03-16 23:57:17,128 - F1Predictor.Run - INFO -   Round 16: Italian Grand Prix
2025-03-16 23:57:17,128 - F1Predictor.Run - INFO -   Round 17: Azerbaijan Grand Prix
2025-03-16 23:57:17,128 - F1Predictor.Run - INFO -   Round 18: Singapore Grand Prix
2025-03-16 23:57:17,128 - F1Predictor.Run - INFO -   Round 19: United States Grand Prix
2025-03-16 23:57:17,128 - F1Predictor.Run - INFO -   Round 20: Mexico City Grand Prix
2025-03-16 23:57:17,128 - F1Predictor.Run - INFO -   Round 21: São Paulo Grand Prix
2025-03-16 23:57:17,128 - F1Predictor.Run - INFO -   Round 22: Las Vegas Grand Prix
2025-03-16 23:57:17,128 - F1Predictor.Run - INFO -   Round 23: Qatar Grand Prix
2025-03-16 23:57:17,128 - F1Predictor.Run - INFO -   Round 24: Abu Dhabi Grand Prix
2025-03-16 23:57:17,128 - F1Predictor.Run - INFO - Loading qualifying data for 2025 Round 1
2025-03-16 23:57:17,136 - fastf1.fastf1.core - INFO - Loading data for Australian Grand Prix - Qualifying [v3.5.3]
2025-03-16 23:57:17,136 - fastf1.fastf1.req - INFO - Using cached data for session_info
2025-03-16 23:57:17,136 - fastf1.fastf1.req - INFO - Using cached data for driver_info
2025-03-16 23:57:17,192 - fastf1.ergast - DEBUG - Failed to parse timestamp '' in Ergastresponse.
2025-03-16 23:57:17,200 - fastf1.fastf1.req - INFO - Using cached data for session_status_data
2025-03-16 23:57:17,200 - fastf1.fastf1.req - INFO - Using cached data for track_status_data
2025-03-16 23:57:17,201 - fastf1.fastf1.req - INFO - Using cached data for _extended_timing_data
2025-03-16 23:57:17,202 - fastf1.fastf1.req - INFO - Using cached data for timing_app_data
2025-03-16 23:57:17,202 - fastf1.fastf1.core - INFO - Processing timing data...
2025-03-16 23:57:17,441 - fastf1.fastf1.req - INFO - Using cached data for car_data
2025-03-16 23:57:17,473 - fastf1.fastf1.req - INFO - Using cached data for position_data
2025-03-16 23:57:18,005 - fastf1.fastf1.req - INFO - Using cached data for weather_data
2025-03-16 23:57:18,006 - fastf1.fastf1.req - INFO - Using cached data for race_control_messages
2025-03-16 23:57:18,022 - fastf1.fastf1.core - INFO - Finished loading data for 20 drivers: ['4', '81', '1', '63', '22', '23', '16', '44', '10', '55', '6', '14', '18', '7', '5', '12', '27', '30', '31', '87']
2025-03-16 23:57:18,022 - F1Predictor - INFO - Successfully loaded 2025 1 Q data
2025-03-16 23:57:18,023 - F1Predictor.Run - INFO - Loaded qualifying data for 20 drivers
2025-03-16 23:57:18,023 - F1Predictor.Run - INFO - Getting track info for 2025 Round 1
2025-03-16 23:57:18,028 - F1Predictor - INFO - Schedule columns: ['RoundNumber', 'Country', 'Location', 'OfficialEventName', 'EventDate', 'EventName', 'EventFormat', 'Session1', 'Session1Date', 'Session1DateUtc', 'Session2', 'Session2Date', 'Session2DateUtc', 'Session3', 'Session3Date', 'Session3DateUtc', 'Session4', 'Session4Date', 'Session4DateUtc', 'Session5', 'Session5Date', 'Session5DateUtc', 'F1ApiSupport']
2025-03-16 23:57:18,029 - F1Predictor.Run - INFO - Track info: {'Name': 'Melbourne', 'Length': 5.0, 'Laps': 58}
2025-03-16 23:57:18,029 - F1Predictor.Run - INFO - Collecting historical data for 2025 Round 1
2025-03-16 23:57:18,034 - F1Predictor - INFO - Schedule columns: ['RoundNumber', 'Country', 'Location', 'OfficialEventName', 'EventDate', 'EventName', 'EventFormat', 'Session1', 'Session1Date', 'Session1DateUtc', 'Session2', 'Session2Date', 'Session2DateUtc', 'Session3', 'Session3Date', 'Session3DateUtc', 'Session4', 'Session4Date', 'Session4DateUtc', 'Session5', 'Session5Date', 'Session5DateUtc', 'F1ApiSupport']
2025-03-16 23:57:18,034 - F1Predictor - INFO - Creating mock historical data for circuit: Melbourne
2025-03-16 23:57:18,035 - F1Predictor - INFO - Created mock historical data for 10 drivers
2025-03-16 23:57:18,035 - F1Predictor.Run - INFO - Initializing feature engineer
2025-03-16 23:57:18,035 - F1Predictor.Run - INFO - Generating race features
2025-03-16 23:57:18,035 - F1Predictor.Features - INFO - Starting feature engineering process
2025-03-16 23:57:18,037 - F1Predictor.Features - INFO - Engineered features for 20 drivers
2025-03-16 23:57:18,038 - F1Predictor.Run - INFO - Generated features for 20 drivers
2025-03-16 23:57:18,038 - F1Predictor.Run - INFO - Feature columns: ['DriverId', 'FullName', 'TeamName', 'Position', 'Q1Time', 'Q2Time', 'Q3Time', 'BestTime', 'BestSession', 'GridPosition', 'RacePaceScore', 'ProjectedPosition', 'DNFProbability', 'AvgPosition', 'DNFRate']
2025-03-16 23:57:18,038 - F1Predictor.Run - INFO - Initializing race predictor with 58 laps
2025-03-16 23:57:18,038 - F1Predictor.Run - INFO - Predicting race results
2025-03-16 23:57:18,038 - F1Predictor.Race - INFO - Predicted DNFs for 3 drivers: ['ALB', 'GAS', 'BEA']
2025-03-16 23:57:18,040 - F1Predictor.Run - INFO - Race prediction results:
2025-03-16 23:57:18,040 - F1Predictor.Run - INFO - 1. Max Verstappen (Red Bull Racing): Finished
2025-03-16 23:57:18,040 - F1Predictor.Run - INFO - 2. Lewis Hamilton (Ferrari): Finished
2025-03-16 23:57:18,040 - F1Predictor.Run - INFO - 3. Oscar Piastri (McLaren): Finished
2025-03-16 23:57:18,040 - F1Predictor.Run - INFO - 4. Charles Leclerc (Ferrari): Finished
2025-03-16 23:57:18,041 - F1Predictor.Run - INFO - 5. Yuki Tsunoda (Racing Bulls): Finished
2025-03-16 23:57:18,041 - F1Predictor.Run - INFO - 6. Carlos Sainz (Williams): Finished
2025-03-16 23:57:18,041 - F1Predictor.Run - INFO - 7. George Russell (Mercedes): Finished
2025-03-16 23:57:18,041 - F1Predictor.Run - INFO - 8. Fernando Alonso (Aston Martin): Finished
2025-03-16 23:57:18,041 - F1Predictor.Run - INFO - 9. Lando Norris (McLaren): Finished
2025-03-16 23:57:18,041 - F1Predictor.Run - INFO - 10. Lance Stroll (Aston Martin): Finished
2025-03-16 23:57:18,041 - F1Predictor.Run - INFO - 11. Esteban Ocon (Haas F1 Team): Finished
2025-03-16 23:57:18,041 - F1Predictor.Run - INFO - 12. Isack Hadjar (Racing Bulls): Finished
2025-03-16 23:57:18,041 - F1Predictor.Run - INFO - 13. Jack Doohan (Alpine): Finished
2025-03-16 23:57:18,041 - F1Predictor.Run - INFO - 14. Gabriel Bortoleto (Kick Sauber): Finished
2025-03-16 23:57:18,041 - F1Predictor.Run - INFO - 15. Andrea Kimi Antonelli (Mercedes): Finished
2025-03-16 23:57:18,041 - F1Predictor.Run - INFO - 16. Nico Hulkenberg (Kick Sauber): Finished
2025-03-16 23:57:18,041 - F1Predictor.Run - INFO - 17. Liam Lawson (Red Bull Racing): Finished
2025-03-16 23:57:18,041 - F1Predictor.Run - INFO - 18. Alexander Albon (Williams): DNF
2025-03-16 23:57:18,041 - F1Predictor.Run - INFO - 19. Pierre Gasly (Alpine): DNF
2025-03-16 23:57:18,041 - F1Predictor.Run - INFO - 20. Oliver Bearman (Haas F1 Team): DNF
2025-03-16 23:57:18,042 - F1Predictor.Run - INFO - Saved race results to results/race_results_2025_round1.csv
2025-03-16 23:57:18,042 - F1Predictor.Run - INFO - F1 Race Prediction completed successfully
